nohup: ignoring input
{'_id': ObjectId('5feaf85f82b2e45e9d2b63bb'), 'id': '5fde07ba0422086009ca52f8', 'atime': 1608602341.0, 'cid': ['4e4d610cdf714d2966000003'], 'cr': False, 'crawl_date': '2020-12-29', 'crawl_time': 1609234527.0570388, 'desc': '', 'favs': 67, 'img': 'http://img5.adesk.com/5fde07ba0422086009ca52f8?imageMogr2/thumbnail/!720x1280r/gravity/Center/crop/720x1280', 'ncos': 4, 'preview': 'http://img5.adesk.com/5fde07ba0422086009ca52f8', 'rank': 1073, 'rule': '?imageMogr2/thumbnail/!$<Width>x$<Height>r/gravity/Center/crop/$<Width>x$<Height>', 'source_type': 'vertical', 'store': 'qiniu', 'tag': [], 'thumb': 'http://img5.adesk.com/5fde07ba0422086009ca52f8?imageMogr2/thumbnail/!350x540r/gravity/Center/crop/350x540', 'url': [], 'views': 0, 'wp': 'http://img5.adesk.com/5fde07ba0422086009ca52f8', 'xr': False}
请求中----- http://img5.adesk.com/5fde07ba0422086009ca52f8
请求成功----
start upload
None
_ResponseInfo__response:None, exception:('Connection aborted.', timeout('timed out')), status_code:-1, text_body:None, req_id:None, x_log:None, error:('Connection aborted.', timeout('timed out'))
5293489
Traceback (most recent call last):
  File "/home/spider/upload_2_qiniuyun.py", line 17, in wrapper
    return func(*args, **kwargs)
  File "/home/spider/upload_2_qiniuyun.py", line 55, in upload
    raise Exception('upload data error')
Exception: upload data error
请求中----- http://img5.adesk.com/5fde07ba0422086009ca52f8
请求成功----
start upload
None
_ResponseInfo__response:None, exception:('Connection aborted.', timeout('timed out')), status_code:-1, text_body:None, req_id:None, x_log:None, error:('Connection aborted.', timeout('timed out'))
5293489
Traceback (most recent call last):
  File "/home/spider/upload_2_qiniuyun.py", line 17, in wrapper
    return func(*args, **kwargs)
  File "/home/spider/upload_2_qiniuyun.py", line 55, in upload
    raise Exception('upload data error')
Exception: upload data error
请求中----- http://img5.adesk.com/5fde07ba0422086009ca52f8
请求成功----
start upload
